ERROR - 2023-06-06 16:06:46 --> Error connecting to the database: mysqli_sql_exception: No connection could be made because the target machine actively refused it.
 in C:\xampp\htdocs\CIAji\system\Database\MySQLi\Connection.php:174
Stack trace:
#0 C:\xampp\htdocs\CIAji\system\Database\MySQLi\Connection.php(174): mysqli->real_connect('localhost', 'root', '', 'db_migrasi', 3306, '', 0)
#1 C:\xampp\htdocs\CIAji\system\Database\BaseConnection.php(391): CodeIgniter\Database\MySQLi\Connection->connect(false)
#2 C:\xampp\htdocs\CIAji\system\Database\BaseConnection.php(573): CodeIgniter\Database\BaseConnection->initialize()
#3 C:\xampp\htdocs\CIAji\system\Database\BaseBuilder.php(1700): CodeIgniter\Database\BaseConnection->query('SELECT COUNT(*)...', Array, false)
#4 C:\xampp\htdocs\CIAji\system\Model.php(606): CodeIgniter\Database\BaseBuilder->countAllResults(false)
#5 C:\xampp\htdocs\CIAji\system\BaseModel.php(1188): CodeIgniter\Model->countAllResults(false)
#6 C:\xampp\htdocs\CIAji\app\Controllers\Karyawan.php(12): CodeIgniter\BaseModel->paginate(10)
#7 C:\xampp\htdocs\CIAji\system\CodeIgniter.php(934): App\Controllers\Karyawan->index()
#8 C:\xampp\htdocs\CIAji\system\CodeIgniter.php(499): CodeIgniter\CodeIgniter->runController(Object(App\Controllers\Karyawan))
#9 C:\xampp\htdocs\CIAji\system\CodeIgniter.php(368): CodeIgniter\CodeIgniter->handleRequest(NULL, Object(Config\Cache), false)
#10 C:\xampp\htdocs\CIAji\public\index.php(67): CodeIgniter\CodeIgniter->run()
#11 C:\xampp\htdocs\CIAji\system\Commands\Server\rewrite.php(47): require_once('C:\\xampp\\htdocs...')
#12 {main}

Next CodeIgniter\Database\Exceptions\DatabaseException: No connection could be made because the target machine actively refused it.
 in C:\xampp\htdocs\CIAji\system\Database\MySQLi\Connection.php:218
Stack trace:
#0 C:\xampp\htdocs\CIAji\system\Database\BaseConnection.php(391): CodeIgniter\Database\MySQLi\Connection->connect(false)
#1 C:\xampp\htdocs\CIAji\system\Database\BaseConnection.php(573): CodeIgniter\Database\BaseConnection->initialize()
#2 C:\xampp\htdocs\CIAji\system\Database\BaseBuilder.php(1700): CodeIgniter\Database\BaseConnection->query('SELECT COUNT(*)...', Array, false)
#3 C:\xampp\htdocs\CIAji\system\Model.php(606): CodeIgniter\Database\BaseBuilder->countAllResults(false)
#4 C:\xampp\htdocs\CIAji\system\BaseModel.php(1188): CodeIgniter\Model->countAllResults(false)
#5 C:\xampp\htdocs\CIAji\app\Controllers\Karyawan.php(12): CodeIgniter\BaseModel->paginate(10)
#6 C:\xampp\htdocs\CIAji\system\CodeIgniter.php(934): App\Controllers\Karyawan->index()
#7 C:\xampp\htdocs\CIAji\system\CodeIgniter.php(499): CodeIgniter\CodeIgniter->runController(Object(App\Controllers\Karyawan))
#8 C:\xampp\htdocs\CIAji\system\CodeIgniter.php(368): CodeIgniter\CodeIgniter->handleRequest(NULL, Object(Config\Cache), false)
#9 C:\xampp\htdocs\CIAji\public\index.php(67): CodeIgniter\CodeIgniter->run()
#10 C:\xampp\htdocs\CIAji\system\Commands\Server\rewrite.php(47): require_once('C:\\xampp\\htdocs...')
#11 {main}
CRITICAL - 2023-06-06 16:06:46 --> Unable to connect to the database.
Main connection [MySQLi]: No connection could be made because the target machine actively refused it.

in SYSTEMPATH\Database\BaseConnection.php on line 427.
 1 SYSTEMPATH\Database\BaseConnection.php(573): CodeIgniter\Database\BaseConnection->initialize()
 2 SYSTEMPATH\Database\BaseBuilder.php(1700): CodeIgniter\Database\BaseConnection->query('SELECT COUNT(*) AS `numrows`
FROM `pegawai`', [], false)
 3 SYSTEMPATH\Model.php(606): CodeIgniter\Database\BaseBuilder->countAllResults(false)
 4 SYSTEMPATH\BaseModel.php(1188): CodeIgniter\Model->countAllResults(false)
 5 APPPATH\Controllers\Karyawan.php(12): CodeIgniter\BaseModel->paginate(10)
 6 SYSTEMPATH\CodeIgniter.php(934): App\Controllers\Karyawan->index()
 7 SYSTEMPATH\CodeIgniter.php(499): CodeIgniter\CodeIgniter->runController(Object(App\Controllers\Karyawan))
 8 SYSTEMPATH\CodeIgniter.php(368): CodeIgniter\CodeIgniter->handleRequest(null, Object(Config\Cache), false)
 9 FCPATH\index.php(67): CodeIgniter\CodeIgniter->run()
10 SYSTEMPATH\Commands\Server\rewrite.php(47): require_once('FCPATH\\index.php')
ERROR - 2023-06-06 16:07:57 --> Error connecting to the database: mysqli_sql_exception: No connection could be made because the target machine actively refused it.
 in C:\xampp\htdocs\CIAji\system\Database\MySQLi\Connection.php:174
Stack trace:
#0 C:\xampp\htdocs\CIAji\system\Database\MySQLi\Connection.php(174): mysqli->real_connect('localhost', 'root', '', 'db_migrasi', 3306, '', 0)
#1 C:\xampp\htdocs\CIAji\system\Database\BaseConnection.php(391): CodeIgniter\Database\MySQLi\Connection->connect(false)
#2 C:\xampp\htdocs\CIAji\system\Database\BaseConnection.php(573): CodeIgniter\Database\BaseConnection->initialize()
#3 C:\xampp\htdocs\CIAji\system\Database\BaseBuilder.php(1700): CodeIgniter\Database\BaseConnection->query('SELECT COUNT(*)...', Array, false)
#4 C:\xampp\htdocs\CIAji\system\Model.php(606): CodeIgniter\Database\BaseBuilder->countAllResults(false)
#5 C:\xampp\htdocs\CIAji\system\BaseModel.php(1188): CodeIgniter\Model->countAllResults(false)
#6 C:\xampp\htdocs\CIAji\app\Controllers\Karyawan.php(12): CodeIgniter\BaseModel->paginate(10)
#7 C:\xampp\htdocs\CIAji\system\CodeIgniter.php(934): App\Controllers\Karyawan->index()
#8 C:\xampp\htdocs\CIAji\system\CodeIgniter.php(499): CodeIgniter\CodeIgniter->runController(Object(App\Controllers\Karyawan))
#9 C:\xampp\htdocs\CIAji\system\CodeIgniter.php(368): CodeIgniter\CodeIgniter->handleRequest(NULL, Object(Config\Cache), false)
#10 C:\xampp\htdocs\CIAji\public\index.php(67): CodeIgniter\CodeIgniter->run()
#11 C:\xampp\htdocs\CIAji\system\Commands\Server\rewrite.php(47): require_once('C:\\xampp\\htdocs...')
#12 {main}

Next CodeIgniter\Database\Exceptions\DatabaseException: No connection could be made because the target machine actively refused it.
 in C:\xampp\htdocs\CIAji\system\Database\MySQLi\Connection.php:218
Stack trace:
#0 C:\xampp\htdocs\CIAji\system\Database\BaseConnection.php(391): CodeIgniter\Database\MySQLi\Connection->connect(false)
#1 C:\xampp\htdocs\CIAji\system\Database\BaseConnection.php(573): CodeIgniter\Database\BaseConnection->initialize()
#2 C:\xampp\htdocs\CIAji\system\Database\BaseBuilder.php(1700): CodeIgniter\Database\BaseConnection->query('SELECT COUNT(*)...', Array, false)
#3 C:\xampp\htdocs\CIAji\system\Model.php(606): CodeIgniter\Database\BaseBuilder->countAllResults(false)
#4 C:\xampp\htdocs\CIAji\system\BaseModel.php(1188): CodeIgniter\Model->countAllResults(false)
#5 C:\xampp\htdocs\CIAji\app\Controllers\Karyawan.php(12): CodeIgniter\BaseModel->paginate(10)
#6 C:\xampp\htdocs\CIAji\system\CodeIgniter.php(934): App\Controllers\Karyawan->index()
#7 C:\xampp\htdocs\CIAji\system\CodeIgniter.php(499): CodeIgniter\CodeIgniter->runController(Object(App\Controllers\Karyawan))
#8 C:\xampp\htdocs\CIAji\system\CodeIgniter.php(368): CodeIgniter\CodeIgniter->handleRequest(NULL, Object(Config\Cache), false)
#9 C:\xampp\htdocs\CIAji\public\index.php(67): CodeIgniter\CodeIgniter->run()
#10 C:\xampp\htdocs\CIAji\system\Commands\Server\rewrite.php(47): require_once('C:\\xampp\\htdocs...')
#11 {main}
CRITICAL - 2023-06-06 16:07:57 --> Unable to connect to the database.
Main connection [MySQLi]: No connection could be made because the target machine actively refused it.

in SYSTEMPATH\Database\BaseConnection.php on line 427.
 1 SYSTEMPATH\Database\BaseConnection.php(573): CodeIgniter\Database\BaseConnection->initialize()
 2 SYSTEMPATH\Database\BaseBuilder.php(1700): CodeIgniter\Database\BaseConnection->query('SELECT COUNT(*) AS `numrows`
FROM `pegawai`', [], false)
 3 SYSTEMPATH\Model.php(606): CodeIgniter\Database\BaseBuilder->countAllResults(false)
 4 SYSTEMPATH\BaseModel.php(1188): CodeIgniter\Model->countAllResults(false)
 5 APPPATH\Controllers\Karyawan.php(12): CodeIgniter\BaseModel->paginate(10)
 6 SYSTEMPATH\CodeIgniter.php(934): App\Controllers\Karyawan->index()
 7 SYSTEMPATH\CodeIgniter.php(499): CodeIgniter\CodeIgniter->runController(Object(App\Controllers\Karyawan))
 8 SYSTEMPATH\CodeIgniter.php(368): CodeIgniter\CodeIgniter->handleRequest(null, Object(Config\Cache), false)
 9 FCPATH\index.php(67): CodeIgniter\CodeIgniter->run()
10 SYSTEMPATH\Commands\Server\rewrite.php(47): require_once('FCPATH\\index.php')
CRITICAL - 2023-06-06 16:10:47 --> Too few arguments to function App\Controllers\Karyawan::show(), 0 passed in C:\xampp\htdocs\CIAji\system\CodeIgniter.php on line 934 and exactly 1 expected
in APPPATH\Controllers\Karyawan.php on line 18.
 1 SYSTEMPATH\CodeIgniter.php(934): App\Controllers\Karyawan->show()
 2 SYSTEMPATH\CodeIgniter.php(499): CodeIgniter\CodeIgniter->runController(Object(App\Controllers\Karyawan))
 3 SYSTEMPATH\CodeIgniter.php(368): CodeIgniter\CodeIgniter->handleRequest(null, Object(Config\Cache), false)
 4 FCPATH\index.php(67): CodeIgniter\CodeIgniter->run()
 5 SYSTEMPATH\Commands\Server\rewrite.php(47): require_once('FCPATH\\index.php')
